[19:40:28] [Datafixer Bootstrap/INFO]: 180 Datafixer optimizations took 83 milliseconds
[19:40:29] [Render thread/INFO]: Environment: authHost='https://authserver.mojang.com', accountsHost='https://api.mojang.com', sessionHost='https://sessionserver.mojang.com', servicesHost='https://api.minecraftservices.com', name='PROD'
[19:40:30] [Render thread/INFO]: Setting user: Dsc0pe
[19:40:30] [Render thread/INFO]: Backend library: LWJGL version 3.3.1 build 7
[19:40:30] [Render thread/INFO]: Reloading ResourceManager: vanilla
[19:40:32] [Render thread/WARN]: Missing sound for event: minecraft:item.brush.brushing
[19:40:32] [Render thread/WARN]: Missing sound for event: minecraft:item.brush.brush_sand_completed
[19:40:32] [Render thread/WARN]: Missing sound for event: minecraft:item.goat_horn.play
[19:40:32] [Render thread/WARN]: Missing sound for event: minecraft:entity.goat.screaming.horn_break
[19:40:32] [Render thread/WARN]: Missing sound for event: minecraft:music.overworld.cherry_grove
[19:40:32] [Render thread/INFO]: OpenAL initialized on device OpenAL Soft on Realtek HD Audio 2nd output (Realtek(R) Audio)
[19:40:32] [Render thread/INFO]: Sound engine started
[19:40:32] [Render thread/INFO]: Created: 1024x512x4 minecraft:textures/atlas/blocks.png-atlas
[19:40:32] [Render thread/INFO]: Created: 256x256x4 minecraft:textures/atlas/signs.png-atlas
[19:40:32] [Render thread/INFO]: Created: 512x512x4 minecraft:textures/atlas/banner_patterns.png-atlas
[19:40:32] [Render thread/INFO]: Created: 512x512x4 minecraft:textures/atlas/shield_patterns.png-atlas
[19:40:32] [Render thread/INFO]: Created: 1024x1024x4 minecraft:textures/atlas/armor_trims.png-atlas
[19:40:32] [Render thread/INFO]: Created: 256x256x4 minecraft:textures/atlas/chest.png-atlas
[19:40:32] [Render thread/INFO]: Created: 64x64x4 minecraft:textures/atlas/decorated_pot.png-atlas
[19:40:32] [Render thread/INFO]: Created: 512x256x4 minecraft:textures/atlas/beds.png-atlas
[19:40:32] [Render thread/INFO]: Created: 512x256x4 minecraft:textures/atlas/shulker_boxes.png-atlas
[19:40:32] [Render thread/WARN]: Shader rendertype_entity_translucent_emissive could not find sampler named Sampler2 in the specified shader program.
[19:40:32] [Render thread/INFO]: Created: 256x256x0 minecraft:textures/atlas/particles.png-atlas
[19:40:32] [Render thread/INFO]: Created: 256x256x0 minecraft:textures/atlas/paintings.png-atlas
[19:40:32] [Render thread/INFO]: Created: 128x128x0 minecraft:textures/atlas/mob_effects.png-atlas
[19:40:35] [Render thread/INFO]: Stopping!
